<?xml version="1.0" encoding="UTF-8"?>
<!-- Generated by org.testng.reporters.JUnitXMLReporter -->
<testsuite hostname="jmrinhr2182" name="Default test(failed)" tests="1" failures="1" timestamp="28 Jun 2019 06:10:08 GMT" time="0.03" errors="0">
  <testcase name="executeTestCase" time="0.01" classname="com.jmr.testsuite.fas.page.action.DEDACSTATest">
    <failure type="java.lang.NullPointerException">
      <![CDATA[java.lang.NullPointerException
	at com.jmr.testsuite.fas.page.action.DEDACSTATest.executeTestCase(DEDACSTATest.java:51)
	at org.springframework.test.context.testng.AbstractTestNGSpringContextTests.run(AbstractTestNGSpringContextTests.java:175)
... Removed 26 stack frames]]>
    </failure>
  </testcase> <!-- executeTestCase -->
</testsuite> <!-- Default test(failed) -->
