<?xml version="1.0" encoding="UTF-8"?>
<testng-results skipped="0" failed="0" total="1" passed="1">
  <reporter-output>
  </reporter-output>
  <suite name="Default suite" duration-ms="105959" started-at="2020-01-10T08:28:40Z" finished-at="2020-01-10T08:30:26Z">
    <groups>
    </groups>
    <test name="Default test" duration-ms="105959" started-at="2020-01-10T08:28:40Z" finished-at="2020-01-10T08:30:26Z">
      <class name="com.jmr.testsuite.obdx.action.Login_Test">
        <test-method status="PASS" signature="springTestContextBeforeTestClass()[pri:0, instance:com.jmr.testsuite.obdx.action.Login_Test@3967e60c]" name="springTestContextBeforeTestClass" is-config="true" duration-ms="7" started-at="2020-01-10T13:58:40Z" finished-at="2020-01-10T13:58:40Z">
          <reporter-output>
          </reporter-output>
        </test-method> <!-- springTestContextBeforeTestClass -->
        <test-method status="PASS" signature="springTestContextPrepareTestInstance()[pri:0, instance:com.jmr.testsuite.obdx.action.Login_Test@3967e60c]" name="springTestContextPrepareTestInstance" is-config="true" duration-ms="6795" started-at="2020-01-10T13:58:40Z" depends-on-methods="org.springframework.test.context.testng.AbstractTestNGSpringContextTests.springTestContextBeforeTestClass" finished-at="2020-01-10T13:58:47Z">
          <reporter-output>
          </reporter-output>
        </test-method> <!-- springTestContextPrepareTestInstance -->
        <test-method status="PASS" signature="springTestContextBeforeTestMethod(java.lang.reflect.Method)[pri:0, instance:com.jmr.testsuite.obdx.action.Login_Test@3967e60c]" name="springTestContextBeforeTestMethod" is-config="true" duration-ms="1" started-at="2020-01-10T13:58:47Z" finished-at="2020-01-10T13:58:47Z">
          <params>
            <param index="0">
              <value>
                <![CDATA[public void com.jmr.testsuite.obdx.action.Login_Test.executeTestCase() throws java.lang.Exception]]>
              </value>
            </param>
          </params>
          <reporter-output>
          </reporter-output>
        </test-method> <!-- springTestContextBeforeTestMethod -->
        <test-method status="PASS" signature="executeTestCase()[pri:0, instance:com.jmr.testsuite.obdx.action.Login_Test@3967e60c]" name="executeTestCase" duration-ms="94039" started-at="2020-01-10T13:58:47Z" finished-at="2020-01-10T14:00:21Z">
          <reporter-output>
          </reporter-output>
        </test-method> <!-- executeTestCase -->
        <test-method status="PASS" signature="springTestContextAfterTestMethod(java.lang.reflect.Method)[pri:0, instance:com.jmr.testsuite.obdx.action.Login_Test@3967e60c]" name="springTestContextAfterTestMethod" is-config="true" duration-ms="0" started-at="2020-01-10T14:00:21Z" finished-at="2020-01-10T14:00:21Z">
          <params>
            <param index="0">
              <value>
                <![CDATA[public void com.jmr.testsuite.obdx.action.Login_Test.executeTestCase() throws java.lang.Exception]]>
              </value>
            </param>
          </params>
          <reporter-output>
          </reporter-output>
        </test-method> <!-- springTestContextAfterTestMethod -->
        <test-method status="PASS" signature="tearDown(org.testng.ITestResult)[pri:0, instance:com.jmr.testsuite.obdx.action.Login_Test@3967e60c]" name="tearDown" is-config="true" duration-ms="0" started-at="2020-01-10T14:00:21Z" finished-at="2020-01-10T14:00:21Z">
          <params>
            <param index="0">
              <value>
                <![CDATA[[TestResult name=executeTestCase status=SUCCESS method=Login_Test.executeTestCase()[pri:0, instance:com.jmr.testsuite.obdx.action.Login_Test@3967e60c] output={null}]]]>
              </value>
            </param>
          </params>
          <reporter-output>
          </reporter-output>
        </test-method> <!-- tearDown -->
        <test-method status="FAIL" signature="destroy()[pri:0, instance:com.jmr.testsuite.obdx.action.Login_Test@3967e60c]" name="destroy" is-config="true" duration-ms="0" started-at="2020-01-10T14:00:21Z" finished-at="2020-01-10T14:00:21Z">
          <exception class="org.openqa.selenium.NoSuchElementException">
            <message>
              <![CDATA[no such element: Unable to locate element: {"method":"xpath","selector":"//span[contains(text(),'Logout')]"}
  (Session info: chrome=75.0.3770.80)
For documentation on this error, please visit: http://seleniumhq.org/exceptions/no_such_element.html
Build info: version: '3.11.0', revision: 'e59cfb3', time: '2018-03-11T20:26:55.152Z'
System info: host: 'JMRINHR2292', ip: '192.168.0.220', os.name: 'Windows 7', os.arch: 'amd64', os.version: '6.1', java.version: '1.8.0_131'
Driver info: org.openqa.selenium.chrome.ChromeDriver
Capabilities {acceptInsecureCerts: false, browserName: chrome, browserVersion: 75.0.3770.80, chrome: {chromedriverVersion: 75.0.3770.90 (a6dcaf7e3ec6f..., userDataDir: C:\Users\2292\AppData\Local...}, goog:chromeOptions: {debuggerAddress: localhost:58369}, javascriptEnabled: true, networkConnectionEnabled: false, pageLoadStrategy: normal, platform: XP, platformName: XP, proxy: Proxy(), setWindowRect: true, strictFileInteractability: false, timeouts: {implicit: 0, pageLoad: 300000, script: 30000}, unhandledPromptBehavior: dismiss and notify}
Session ID: 671a7c46ef7a7847a6cf5ce41981898f
*** Element info: {Using=xpath, value=//span[contains(text(),'Logout')]}]]>
            </message>
            <full-stacktrace>
              <![CDATA[org.openqa.selenium.NoSuchElementException: no such element: Unable to locate element: {"method":"xpath","selector":"//span[contains(text(),'Logout')]"}
  (Session info: chrome=75.0.3770.80)
For documentation on this error, please visit: http://seleniumhq.org/exceptions/no_such_element.html
Build info: version: '3.11.0', revision: 'e59cfb3', time: '2018-03-11T20:26:55.152Z'
System info: host: 'JMRINHR2292', ip: '192.168.0.220', os.name: 'Windows 7', os.arch: 'amd64', os.version: '6.1', java.version: '1.8.0_131'
Driver info: org.openqa.selenium.chrome.ChromeDriver
Capabilities {acceptInsecureCerts: false, browserName: chrome, browserVersion: 75.0.3770.80, chrome: {chromedriverVersion: 75.0.3770.90 (a6dcaf7e3ec6f..., userDataDir: C:\Users\2292\AppData\Local...}, goog:chromeOptions: {debuggerAddress: localhost:58369}, javascriptEnabled: true, networkConnectionEnabled: false, pageLoadStrategy: normal, platform: XP, platformName: XP, proxy: Proxy(), setWindowRect: true, strictFileInteractability: false, timeouts: {implicit: 0, pageLoad: 300000, script: 30000}, unhandledPromptBehavior: dismiss and notify}
Session ID: 671a7c46ef7a7847a6cf5ce41981898f
*** Element info: {Using=xpath, value=//span[contains(text(),'Logout')]}
	at sun.reflect.NativeConstructorAccessorImpl.newInstance0(Native Method)
	at sun.reflect.NativeConstructorAccessorImpl.newInstance(Unknown Source)
	at sun.reflect.DelegatingConstructorAccessorImpl.newInstance(Unknown Source)
	at java.lang.reflect.Constructor.newInstance(Unknown Source)
	at org.openqa.selenium.remote.http.W3CHttpResponseCodec.createException(W3CHttpResponseCodec.java:187)
	at org.openqa.selenium.remote.http.W3CHttpResponseCodec.decode(W3CHttpResponseCodec.java:122)
	at org.openqa.selenium.remote.http.W3CHttpResponseCodec.decode(W3CHttpResponseCodec.java:49)
	at org.openqa.selenium.remote.HttpCommandExecutor.execute(HttpCommandExecutor.java:158)
	at org.openqa.selenium.remote.service.DriverCommandExecutor.execute(DriverCommandExecutor.java:83)
	at org.openqa.selenium.remote.RemoteWebDriver.execute(RemoteWebDriver.java:545)
	at org.openqa.selenium.remote.RemoteWebDriver.findElement(RemoteWebDriver.java:319)
	at org.openqa.selenium.remote.RemoteWebDriver.findElementByXPath(RemoteWebDriver.java:421)
	at org.openqa.selenium.By$ByXPath.findElement(By.java:361)
	at org.openqa.selenium.remote.RemoteWebDriver.findElement(RemoteWebDriver.java:311)
	at com.jmr.testsuite.obdx.OBDXData.clickButtonByXpath(OBDXData.java:115)
	at com.jmr.testsuite.obdx.OBDXData.destroy(OBDXData.java:126)
	at com.jmr.testsuite.obdx.action.Login_Test.destroy(Login_Test.java:83)
	at sun.reflect.NativeMethodAccessorImpl.invoke0(Native Method)
	at sun.reflect.NativeMethodAccessorImpl.invoke(Unknown Source)
	at sun.reflect.DelegatingMethodAccessorImpl.invoke(Unknown Source)
	at java.lang.reflect.Method.invoke(Unknown Source)
	at org.testng.internal.MethodInvocationHelper.invokeMethod(MethodInvocationHelper.java:86)
	at org.testng.internal.Invoker.invokeConfigurationMethod(Invoker.java:514)
	at org.testng.internal.Invoker.invokeConfigurations(Invoker.java:215)
	at org.testng.internal.Invoker.invokeConfigurations(Invoker.java:142)
	at org.testng.internal.TestMethodWorker.invokeAfterClassMethods(TestMethodWorker.java:232)
	at org.testng.internal.TestMethodWorker.run(TestMethodWorker.java:115)
	at org.testng.TestRunner.privateRun(TestRunner.java:782)
	at org.testng.TestRunner.run(TestRunner.java:632)
	at org.testng.SuiteRunner.runTest(SuiteRunner.java:366)
	at org.testng.SuiteRunner.runSequentially(SuiteRunner.java:361)
	at org.testng.SuiteRunner.privateRun(SuiteRunner.java:319)
	at org.testng.SuiteRunner.run(SuiteRunner.java:268)
	at org.testng.SuiteRunnerWorker.runSuite(SuiteRunnerWorker.java:52)
	at org.testng.SuiteRunnerWorker.run(SuiteRunnerWorker.java:86)
	at org.testng.TestNG.runSuitesSequentially(TestNG.java:1244)
	at org.testng.TestNG.runSuitesLocally(TestNG.java:1169)
	at org.testng.TestNG.run(TestNG.java:1064)
	at org.testng.remote.AbstractRemoteTestNG.run(AbstractRemoteTestNG.java:114)
	at org.testng.remote.RemoteTestNG.initAndRun(RemoteTestNG.java:251)
	at org.testng.remote.RemoteTestNG.main(RemoteTestNG.java:77)
]]>
            </full-stacktrace>
          </exception> <!-- org.openqa.selenium.NoSuchElementException -->
          <reporter-output>
          </reporter-output>
        </test-method> <!-- destroy -->
        <test-method status="PASS" signature="springTestContextAfterTestClass()[pri:0, instance:com.jmr.testsuite.obdx.action.Login_Test@3967e60c]" name="springTestContextAfterTestClass" is-config="true" duration-ms="0" started-at="2020-01-10T14:00:26Z" finished-at="2020-01-10T14:00:26Z">
          <reporter-output>
          </reporter-output>
        </test-method> <!-- springTestContextAfterTestClass -->
      </class> <!-- com.jmr.testsuite.obdx.action.Login_Test -->
    </test> <!-- Default test -->
  </suite> <!-- Default suite -->
</testng-results>
